mode: set
github.com/kopher1601/manual-parse/main.go:18.30,20.2 1 1
github.com/kopher1601/manual-parse/main.go:22.35,23.23 1 1
github.com/kopher1601/manual-parse/main.go:23.23,25.3 1 1
github.com/kopher1601/manual-parse/main.go:27.2,27.12 1 1
github.com/kopher1601/manual-parse/main.go:32.56,38.38 5 1
github.com/kopher1601/manual-parse/main.go:38.38,40.3 1 0
github.com/kopher1601/manual-parse/main.go:42.2,43.20 2 1
github.com/kopher1601/manual-parse/main.go:43.20,45.3 1 1
github.com/kopher1601/manual-parse/main.go:47.2,47.18 1 1
github.com/kopher1601/manual-parse/main.go:55.47,59.20 4 1
github.com/kopher1601/manual-parse/main.go:59.20,61.3 1 1
github.com/kopher1601/manual-parse/main.go:63.2,63.44 1 1
github.com/kopher1601/manual-parse/main.go:63.44,66.3 2 1
github.com/kopher1601/manual-parse/main.go:68.2,69.16 2 1
github.com/kopher1601/manual-parse/main.go:69.16,71.3 1 1
github.com/kopher1601/manual-parse/main.go:72.2,74.15 2 1
github.com/kopher1601/manual-parse/main.go:77.55,78.18 1 1
github.com/kopher1601/manual-parse/main.go:78.18,81.3 2 1
github.com/kopher1601/manual-parse/main.go:83.2,84.16 2 1
github.com/kopher1601/manual-parse/main.go:84.16,86.3 1 1
github.com/kopher1601/manual-parse/main.go:87.2,88.12 2 1
github.com/kopher1601/manual-parse/main.go:91.52,93.34 2 1
github.com/kopher1601/manual-parse/main.go:93.34,95.3 1 1
github.com/kopher1601/manual-parse/main.go:98.13,100.16 2 0
github.com/kopher1601/manual-parse/main.go:100.16,104.3 3 0
github.com/kopher1601/manual-parse/main.go:105.2,106.16 2 0
github.com/kopher1601/manual-parse/main.go:106.16,110.3 3 0
github.com/kopher1601/manual-parse/main.go:112.2,113.16 2 0
github.com/kopher1601/manual-parse/main.go:113.16,116.3 2 0
